<?xml version="1.0" encoding="UTF-8"?>
<robot generator="Robot 4.1 (Python 3.9.6 on darwin)" generated="20210901 22:15:09.527" rpa="false" schemaversion="2">
<suite id="s1" name="CreateCharacters" source="/Users/maicmiller/Documents/GitHub/Marvel-API/CreateCharacters.robot">
<test id="s1-t1" name="Deve cadastrar um personagem">
<kw name="Account And Set Headers">
<arg>papito@yahoo.com</arg>
<kw name="Create Dictionary" library="BuiltIn">
<var>&amp;{usuario}</var>
<arg>email=${email}</arg>
<doc>Creates and returns a dictionary based on the given ``items``.</doc>
<msg timestamp="20210901 22:15:09.964" level="INFO">&amp;{usuario} = { email=papito@yahoo.com }</msg>
<status status="PASS" starttime="20210901 22:15:09.962" endtime="20210901 22:15:09.964"/>
</kw>
<kw name="POST" library="RequestsLibrary">
<var>${response}</var>
<arg>http://marvel.qaninja.academy/accounts</arg>
<arg>json=${usuario}</arg>
<doc>Sends a POST request.</doc>
<msg timestamp="20210901 22:15:10.339" level="INFO">POST Request : url=http://marvel.qaninja.academy/accounts 
 path_url=/accounts 
 headers={'User-Agent': 'python-requests/2.26.0', 'Accept-Encoding': 'gzip, deflate', 'Accept': '*/*', 'Connection': 'keep-alive', 'Content-Length': '29', 'Content-Type': 'application/json'} 
 body=b'{"email": "papito@yahoo.com"}' 
 </msg>
<msg timestamp="20210901 22:15:10.339" level="INFO">POST Response : url=http://marvel.qaninja.academy/accounts 
 status=200, reason=OK 
 headers={'Server': 'Cowboy', 'Connection': 'keep-alive', 'X-Powered-By': 'Express', 'Access-Control-Allow-Origin': '*', 'Content-Type': 'application/json; charset=utf-8', 'Content-Length': '41', 'Etag': 'W/"29-WIm+qvPTjcCVbrSQ1N5LTqheAEw"', 'Date': 'Thu, 02 Sep 2021 01:15:10 GMT', 'Via': '1.1 vegur'} 
 body={"client_key":"61301752874ab200165f1301"} 
 </msg>
<msg timestamp="20210901 22:15:10.340" level="INFO">${response} = &lt;Response [200]&gt;</msg>
<status status="PASS" starttime="20210901 22:15:09.964" endtime="20210901 22:15:10.340"/>
</kw>
<kw name="Set Variable" library="BuiltIn">
<var>${client_key}</var>
<arg>${response.json()}[client_key]</arg>
<doc>Returns the given values which can then be assigned to a variables.</doc>
<msg timestamp="20210901 22:15:10.343" level="INFO">${client_key} = 61301752874ab200165f1301</msg>
<status status="PASS" starttime="20210901 22:15:10.340" endtime="20210901 22:15:10.343"/>
</kw>
<kw name="Create Dictionary" library="BuiltIn">
<var>&amp;{HEADERS}</var>
<arg>client_key=${client_key}</arg>
<doc>Creates and returns a dictionary based on the given ``items``.</doc>
<msg timestamp="20210901 22:15:10.345" level="INFO">&amp;{HEADERS} = { client_key=61301752874ab200165f1301 }</msg>
<status status="PASS" starttime="20210901 22:15:10.344" endtime="20210901 22:15:10.345"/>
</kw>
<kw name="Set Suite Variable" library="BuiltIn">
<arg>${HEADERS}</arg>
<doc>Makes a variable available everywhere within the scope of the current suite.</doc>
<msg timestamp="20210901 22:15:10.348" level="INFO">${HEADERS} = {'client_key': '61301752874ab200165f1301'}</msg>
<status status="PASS" starttime="20210901 22:15:10.346" endtime="20210901 22:15:10.348"/>
</kw>
<status status="PASS" starttime="20210901 22:15:09.961" endtime="20210901 22:15:10.349"/>
</kw>
<kw name="Factory Thanos" library="Thanos">
<var>&amp;{personagem}</var>
<msg timestamp="20210901 22:15:10.351" level="INFO">&amp;{personagem} = { name=David Boyle | aliases=MM | age=3000 | team=Ordem QA  --- &gt; Ninja | active=True }</msg>
<status status="PASS" starttime="20210901 22:15:10.349" endtime="20210901 22:15:10.351"/>
</kw>
<kw name="POST" library="RequestsLibrary">
<var>${response}</var>
<arg>http://marvel.qaninja.academy/characters</arg>
<arg>json=${personagem}</arg>
<arg>headers=${headers}</arg>
<doc>Sends a POST request.</doc>
<msg timestamp="20210901 22:15:10.561" level="INFO">POST Request : url=http://marvel.qaninja.academy/characters 
 path_url=/characters 
 headers={'User-Agent': 'python-requests/2.26.0', 'Accept-Encoding': 'gzip, deflate', 'Accept': '*/*', 'Connection': 'keep-alive', 'client_key': '61301752874ab200165f1301', 'Content-Length': '102', 'Content-Type': 'application/json'} 
 body=b'{"name": "David Boyle", "aliases": "MM", "age": 3000, "team": "Ordem QA  --- &gt; Ninja", "active": true}' 
 </msg>
<msg timestamp="20210901 22:15:10.561" level="INFO">POST Response : url=http://marvel.qaninja.academy/characters 
 status=200, reason=OK 
 headers={'Server': 'Cowboy', 'Connection': 'keep-alive', 'X-Powered-By': 'Express', 'Access-Control-Allow-Origin': '*', 'Content-Type': 'application/json; charset=utf-8', 'Content-Length': '161', 'Etag': 'W/"a1-MIe4ridmuK7qRBjwFYihwBR/1Z4"', 'Date': 'Thu, 02 Sep 2021 01:15:10 GMT', 'Via': '1.1 vegur'} 
 body={"_id":"6130259e874ab200165f18ea","name":"David Boyle","age":3000,"aliases":"MM","team":"Ordem QA  --- &gt; Ninja","active":true,"owner":"61301752874ab200165f1301"} 
 </msg>
<msg timestamp="20210901 22:15:10.562" level="INFO">${response} = &lt;Response [200]&gt;</msg>
<status status="PASS" starttime="20210901 22:15:10.351" endtime="20210901 22:15:10.562"/>
</kw>
<kw name="Status Should Be" library="RequestsLibrary">
<arg>200</arg>
<arg>${response}</arg>
<doc>Fails if response status code is different than the expected.</doc>
<status status="PASS" starttime="20210901 22:15:10.562" endtime="20210901 22:15:10.564"/>
</kw>
<status status="PASS" starttime="20210901 22:15:09.960" endtime="20210901 22:15:10.565"/>
</test>
<doc>Suite de Teste do cadastro de personagens na API da Marvel</doc>
<status status="PASS" starttime="20210901 22:15:09.529" endtime="20210901 22:15:10.567"/>
</suite>
<statistics>
<total>
<stat pass="1" fail="0" skip="0">All Tests</stat>
</total>
<tag>
</tag>
<suite>
<stat pass="1" fail="0" skip="0" id="s1" name="CreateCharacters">CreateCharacters</stat>
</suite>
</statistics>
<errors>
</errors>
</robot>
